Arguments: 
  /home/gj011/.nvm/versions/node/v12.14.0/bin/node /home/gj011/.nvm/versions/node/v12.14.0/bin/yarn add @types/postgraphile-plugin-connection-filter

PATH: 
  /home/gj011/.nvm/versions/node/v12.14.0/bin:/usr/local/sbin:/usr/local/bin:/usr/sbin:/usr/bin:/sbin:/bin:/usr/games:/usr/local/games:/snap/bin

Yarn version: 
  1.21.1

Node version: 
  12.14.0

Platform: 
  linux x64

Trace: 
  Error: https://registry.npmjs.org/@types%2fpostgraphile-plugin-connection-filter: Not found
      at Request.params.callback [as _callback] (/home/gj011/.nvm/versions/node/v12.14.0/lib/node_modules/yarn/lib/cli.js:66947:18)
      at Request.self.callback (/home/gj011/.nvm/versions/node/v12.14.0/lib/node_modules/yarn/lib/cli.js:140665:22)
      at Request.emit (events.js:210:5)
      at Request.<anonymous> (/home/gj011/.nvm/versions/node/v12.14.0/lib/node_modules/yarn/lib/cli.js:141637:10)
      at Request.emit (events.js:210:5)
      at IncomingMessage.<anonymous> (/home/gj011/.nvm/versions/node/v12.14.0/lib/node_modules/yarn/lib/cli.js:141559:12)
      at Object.onceWrapper (events.js:299:28)
      at IncomingMessage.emit (events.js:215:7)
      at endReadableNT (_stream_readable.js:1184:12)
      at processTicksAndRejections (internal/process/task_queues.js:80:21)

npm manifest: 
  {
      "name": "@nger/graphql-pg",
      "version": "1.0.9",
      "description": "> TODO: description",
      "author": "imeepos <1037483576@qq.com>",
      "homepage": "https://github.com/meepobrother/nger-graphql#readme",
      "license": "ISC",
      "main": "lib/index.js",
      "types": "lib/index.d.ts",
      "directories": {
          "lib": "lib",
          "test": "__tests__"
      },
      "files": [
          "lib"
      ],
      "publishConfig": {
          "access": "public"
      },
      "repository": {
          "type": "git",
          "url": "git+https://github.com/meepobrother/nger-graphql.git"
      },
      "scripts": {
          "test": "echo \"Error: run tests from root\" && exit 1"
      },
      "bugs": {
          "url": "https://github.com/meepobrother/nger-graphql/issues"
      },
      "dependencies": {
          "@nger/graphql": "^1.0.29",
          "@nger/orm-postgres": "^1.1.17",
          "graphile-build-pg": "^4.5.3",
          "graphile-utils": "^4.5.6",
          "graphqlviz": "^3.1.0",
          "postgraphile-core": "^4.5.3",
          "postgraphile-plugin-connection-filter": "^1.1.3"
      }
  }

yarn manifest: 
  No manifest

Lockfile: 
  # THIS IS AN AUTOGENERATED FILE. DO NOT EDIT THIS FILE DIRECTLY.
  # yarn lockfile v1
  
  
  "@graphile/lru@4.5.0":
    version "4.5.0"
    resolved "https://registry.yarnpkg.com/@graphile/lru/-/lru-4.5.0.tgz#e8fe036d322dfe1715675aab171979981e28ac9e"
    integrity sha512-OoIgewLowjegJzz3tpcRE5LpQKqsap1ETFaZtC1r9p36h5ieUJnWTxCTpB7XIsU9muMTt7MMt8x0E5apS47QIQ==
  
  "@graphile/lru@4.6.0-alpha.0":
    version "4.6.0-alpha.0"
    resolved "https://registry.yarnpkg.com/@graphile/lru/-/lru-4.6.0-alpha.0.tgz#ed9c3b32936520781db88d2436625ba40f9d0753"
    integrity sha512-0TXcROcXyrYx1VSlzxLwIgA7dEqAzm51qqf94aIfa0gfDFg3ClH4dgMT8VkwBGm7Jef9xEDYwqIyL1145g/dMQ==
  
  "@nger/core@^1.9.10":
    version "1.9.10"
    resolved "http://10.0.0.202:9008/@nger%2fcore/-/core-1.9.10.tgz#8cbe027815cfce8c0e6c38877ec63fa5d124d61a"
    integrity sha1-jL4CeBXPzowObDiHfsY/pdEk1ho=
    dependencies:
      "@nger/di" "^1.5.46"
      rxjs "^6.5.3"
  
  "@nger/core@^1.9.18":
    version "1.9.18"
    resolved "https://registry.yarnpkg.com/@nger/core/-/core-1.9.18.tgz#68cce18f9952d3a044f156ab0a621f6658f3cead"
    integrity sha512-H74W8Acgws9nJOWdHFjZF5y51C+TFui5mX/w5sYInJZdULRHztuVs+tJJc+2FCwvm7dA6LtWRlvwnAURGIByWg==
    dependencies:
      "@nger/di" "^1.5.53"
      rxjs "^6.5.3"
  
  "@nger/decorator@^1.1.12":
    version "1.1.12"
    resolved "https://registry.yarnpkg.com/@nger/decorator/-/decorator-1.1.12.tgz#8b921fbffda52338ecc304854c599f455bfc5343"
    integrity sha512-0jOQBEZmG6S5zh1kiaiIIJ90FMKRDfxGyYvjgkn0RMT6SuccOYvkOZkQAaF15rbO1vA5HgMlSfJw6j3ZPrBvSg==
    dependencies:
      reflect-metadata "^0.1.13"
  
  "@nger/di@^1.5.46":
    version "1.5.48"
    resolved "http://10.0.0.202:9008/@nger%2fdi/-/di-1.5.48.tgz#c06f8412a3df67a7282bbbc5a08a01662026f595"
    integrity sha1-wG+EEqPfZ6coK7vFoIoBZiAm9ZU=
    dependencies:
      "@nger/decorator" "^1.1.12"
  
  "@nger/di@^1.5.53":
    version "1.5.53"
    resolved "https://registry.yarnpkg.com/@nger/di/-/di-1.5.53.tgz#e8ab89090371077445ac9563ebe16d1f4a7286b4"
    integrity sha512-CyjLTen9EyPMkJbq/0jxBL8mRGjiIkdivmfE4IJdwVnLjMC9pIwkTnBRzipLAmZGKZMiMFwkdtt720vSTUkSwg==
    dependencies:
      "@nger/decorator" "^1.1.12"
  
  "@nger/graphql@^1.0.29":
    version "1.0.29"
    resolved "https://registry.yarnpkg.com/@nger/graphql/-/graphql-1.0.29.tgz#9c25f8596b77063adc8b7f0fe1f52e3e58ef2f90"
    integrity sha512-FKGloIqOQnT64WWORpoUuc2Roljy/ppr8Rm4MjU6ZWBCjskQUWBQGO7lpftHwXKn/wUhey8y784TlAcr7AjRSg==
    dependencies:
      "@nger/core" "^1.9.18"
      graphql "^14.5.8"
      graphql-tools "^4.0.6"
      subscriptions-transport-ws "^0.9.16"
  
  "@nger/orm-postgres@^1.1.17":
    version "1.1.17"
    resolved "http://10.0.0.202:9008/@nger%2form-postgres/-/orm-postgres-1.1.17.tgz#93b37530b65b38a46ef2dc4494e7f9b4e1a9b7fa"
    integrity sha512-fG4OYn/+WTToDfGB9TvUWmnp1ZS2hU3LT/kLiYvEtgSnwr32eU/latXuepWd5zoVyNl8c6goPuGxM/mUADBfbQ==
    dependencies:
      "@nger/orm" "^1.1.10"
      pg "^7.14.0"
      pg-connection-string "^2.1.0"
      pg-sql2 "^4.6.0-alpha.0"
      rxjs "^6.5.3"
  
  "@nger/orm@^1.1.10":
    version "1.1.10"
    resolved "http://10.0.0.202:9008/@nger%2form/-/orm-1.1.10.tgz#32dde4503706796caefb05876af29535a5e0f8f7"
    integrity sha512-Ufp36ewjmjr6dvDQ7N1wZqfOxBAd9qsywuM+0oSejhzfnY9XMPhhgDwLzHmDcyMYmEUlwPSqhyLuPbhhAvcs7Q==
    dependencies:
      "@nger/core" "^1.9.10"
  
  "@types/node@*":
    version "13.1.0"
    resolved "https://registry.yarnpkg.com/@types/node/-/node-13.1.0.tgz#225cbaac5fdb2b9ac651b02c070d8aa3c37cc812"
    integrity sha512-zwrxviZS08kRX40nqBrmERElF2vpw4IUTd5khkhBTfFH8AOaeoLVx48EC4+ZzS2/Iga7NevncqnsUSYjM4OWYA==
  
  "@types/pg-types@*":
    version "1.11.5"
    resolved "https://registry.yarnpkg.com/@types/pg-types/-/pg-types-1.11.5.tgz#1eebbe62b6772fcc75c18957a90f933d155e005b"
    integrity sha512-L8ogeT6vDzT1vxlW3KITTCt+BVXXVkLXfZ/XNm6UqbcJgxf+KPO7yjWx7dQQE8RW07KopL10x2gNMs41+IkMGQ==
  
  "@types/pg@>=6 <8":
    version "7.14.0"
    resolved "https://registry.yarnpkg.com/@types/pg/-/pg-7.14.0.tgz#aa67270638dbeb2e0ea532eed100819cd6ce4b85"
    integrity sha512-BNR7pZubap5op5YjfWm5TWGciWbjmsbAq14fc8ydROej4DMK+u49YaVh9Cw9IE0MhnoQPcIAUSRdZDZPKlYV4A==
    dependencies:
      "@types/node" "*"
      "@types/pg-types" "*"
  
  "@wry/equality@^0.1.2":
    version "0.1.9"
    resolved "http://10.0.0.202:9008/@wry%2fequality/-/equality-0.1.9.tgz#b13e18b7a8053c6858aa6c85b54911fb31e3a909"
    integrity sha1-sT4Yt6gFPGhYqmyFtUkR+zHjqQk=
    dependencies:
      tslib "^1.9.3"
  
  ansi-styles@^3.2.1:
    version "3.2.1"
    resolved "https://registry.yarnpkg.com/ansi-styles/-/ansi-styles-3.2.1.tgz#41fbb20243e50b12be0f04b8dedbf07520ce841d"
    integrity sha512-VT0ZI6kZRdTh8YyJw3SMbYm/u+NqfsAxEpWO0Pf9sq8/e94WxxOpPKx9FR1FlyCtOVDNOQ+8ntlqFxiRc+r5qA==
    dependencies:
      color-convert "^1.9.0"
  
  apollo-link@^1.2.3:
    version "1.2.13"
    resolved "http://10.0.0.202:9008/apollo-link/-/apollo-link-1.2.13.tgz#dff00fbf19dfcd90fddbc14b6a3f9a771acac6c4"
    integrity sha1-3/APvxnfzZD928FLaj+adxrKxsQ=
    dependencies:
      apollo-utilities "^1.3.0"
      ts-invariant "^0.4.0"
      tslib "^1.9.3"
      zen-observable-ts "^0.8.20"
  
  apollo-utilities@^1.0.1, apollo-utilities@^1.3.0:
    version "1.3.3"
    resolved "http://10.0.0.202:9008/apollo-utilities/-/apollo-utilities-1.3.3.tgz#f1854715a7be80cd810bc3ac95df085815c0787c"
    integrity sha1-8YVHFae+gM2BC8Osld8IWBXAeHw=
    dependencies:
      "@wry/equality" "^0.1.2"
      fast-json-stable-stringify "^2.0.0"
      ts-invariant "^0.4.0"
      tslib "^1.10.0"
  
  array-find-index@^1.0.1:
    version "1.0.2"
    resolved "https://registry.yarnpkg.com/array-find-index/-/array-find-index-1.0.2.tgz#df010aa1287e164bbda6f9723b0a96a1ec4187a1"
    integrity sha1-3wEKoSh+Fku9pvlyOwqWoexBh6E=
  
  arrify@^1.0.1:
    version "1.0.1"
    resolved "https://registry.yarnpkg.com/arrify/-/arrify-1.0.1.tgz#898508da2226f380df904728456849c1501a4b0d"
    integrity sha1-iYUI2iIm84DfkEcoRWhJwVAaSw0=
  
  async-limiter@~1.0.0:
    version "1.0.1"
    resolved "http://10.0.0.202:9008/async-limiter/-/async-limiter-1.0.1.tgz#dd379e94f0db8310b08291f9d64c3209766617fd"
    integrity sha1-3TeelPDbgxCwgpH51kwyCXZmF/0=
  
  backo2@^1.0.2:
    version "1.0.2"
    resolved "http://10.0.0.202:9008/backo2/-/backo2-1.0.2.tgz#31ab1ac8b129363463e35b3ebb69f4dfcfba7947"
    integrity sha1-MasayLEpNjRj41s+u2n038+6eUc=
  
  buffer-equal-constant-time@1.0.1:
    version "1.0.1"
    resolved "https://registry.yarnpkg.com/buffer-equal-constant-time/-/buffer-equal-constant-time-1.0.1.tgz#f8e71132f7ffe6e01a5c9697a4c6f3e48d5cc819"
    integrity sha1-+OcRMvf/5uAaXJaXpMbz5I1cyBk=
  
  buffer-writer@2.0.0:
    version "2.0.0"
    resolved "https://registry.yarnpkg.com/buffer-writer/-/buffer-writer-2.0.0.tgz#ce7eb81a38f7829db09c873f2fbb792c0c98ec04"
    integrity sha512-a7ZpuTZU1TRtnwyCNW3I5dc0wWNC3VR9S++Ewyk2HHZdrO3CQJqSpd+95Us590V6AL7JqUAH2IwZ/398PmNFgw==
  
  camelcase-keys@^4.0.0:
    version "4.2.0"
    resolved "https://registry.yarnpkg.com/camelcase-keys/-/camelcase-keys-4.2.0.tgz#a2aa5fb1af688758259c32c141426d78923b9b77"
    integrity sha1-oqpfsa9oh1glnDLBQUJteJI7m3c=
    dependencies:
      camelcase "^4.1.0"
      map-obj "^2.0.0"
      quick-lru "^1.0.0"
  
  camelcase@^4.1.0:
    version "4.1.0"
    resolved "https://registry.yarnpkg.com/camelcase/-/camelcase-4.1.0.tgz#d545635be1e33c542649c69173e5de6acfae34dd"
    integrity sha1-1UVjW+HjPFQmScaRc+Xeas+uNN0=
  
  chalk@^2.4.2:
    version "2.4.2"
    resolved "https://registry.yarnpkg.com/chalk/-/chalk-2.4.2.tgz#cd42541677a54333cf541a49108c1432b44c9424"
    integrity sha512-Mti+f9lpJNcwF4tWV8/OrTTtF1gZi+f8FqlyAdouralcFWFQWF2+NgCHShjkCb+IFBLq9buZwE1xckQU4peSuQ==
    dependencies:
      ansi-styles "^3.2.1"
      escape-string-regexp "^1.0.5"
      supports-color "^5.3.0"
  
  color-convert@^1.9.0:
    version "1.9.3"
    resolved "https://registry.yarnpkg.com/color-convert/-/color-convert-1.9.3.tgz#bb71850690e1f136567de629d2d5471deda4c1e8"
    integrity sha512-QfAUtd+vFdAtFQcC8CCyYt1fYWxSqAiK2cSD6zDB8N3cpsEBAvRxp9zOGg6G/SHHJYAT88/az/IuDGALsNVbGg==
    dependencies:
      color-name "1.1.3"
  
  color-name@1.1.3:
    version "1.1.3"
    resolved "https://registry.yarnpkg.com/color-name/-/color-name-1.1.3.tgz#a7d0558bd89c42f795dd42328f740831ca53bc25"
    integrity sha1-p9BVi9icQveV3UIyj3QIMcpTvCU=
  
  cross-fetch@^3.0.1:
    version "3.0.4"
    resolved "https://registry.yarnpkg.com/cross-fetch/-/cross-fetch-3.0.4.tgz#7bef7020207e684a7638ef5f2f698e24d9eb283c"
    integrity sha512-MSHgpjQqgbT/94D4CyADeNoYh52zMkCX4pcJvPP5WqPsLFMKjr2TCMg381ox5qI0ii2dPwaLx/00477knXqXVw==
    dependencies:
      node-fetch "2.6.0"
      whatwg-fetch "3.0.0"
  
  currently-unhandled@^0.4.1:
    version "0.4.1"
    resolved "https://registry.yarnpkg.com/currently-unhandled/-/currently-unhandled-0.4.1.tgz#988df33feab191ef799a61369dd76c17adf957ea"
    integrity sha1-mI3zP+qxke95mmE2nddsF635V+o=
    dependencies:
      array-find-index "^1.0.1"
  
  "debug@>=3 <5", debug@^4.1.1:
    version "4.1.1"
    resolved "https://registry.yarnpkg.com/debug/-/debug-4.1.1.tgz#3b72260255109c6b589cee050f1d516139664791"
    integrity sha512-pYAIzeRo8J6KPEaJ0VWOh5Pzkbw/RetuzehGM7QRRX5he4fPHx2rdKMB256ehJCkX+XRQm16eZLqLNS8RSZXZw==
    dependencies:
      ms "^2.1.1"
  
  decamelize-keys@^1.0.0:
    version "1.1.0"
    resolved "https://registry.yarnpkg.com/decamelize-keys/-/decamelize-keys-1.1.0.tgz#d171a87933252807eb3cb61dc1c1445d078df2d9"
    integrity sha1-0XGoeTMlKAfrPLYdwcFEXQeN8tk=
    dependencies:
      decamelize "^1.1.0"
      map-obj "^1.0.0"
  
  decamelize@^1.1.0:
    version "1.2.0"
    resolved "https://registry.yarnpkg.com/decamelize/-/decamelize-1.2.0.tgz#f6534d15148269b20352e7bee26f501f9a191290"
    integrity sha1-9lNNFRSCabIDUue+4m9QH5oZEpA=
  
  deprecated-decorator@^0.1.6:
    version "0.1.6"
    resolved "http://10.0.0.202:9008/deprecated-decorator/-/deprecated-decorator-0.1.6.tgz#00966317b7a12fe92f3cc831f7583af329b86c37"
    integrity sha1-AJZjF7ehL+kvPMgx91g68ym4bDc=
  
  ecdsa-sig-formatter@1.0.11:
    version "1.0.11"
    resolved "https://registry.yarnpkg.com/ecdsa-sig-formatter/-/ecdsa-sig-formatter-1.0.11.tgz#ae0f0fa2d85045ef14a817daa3ce9acd0489e5bf"
    integrity sha512-nagl3RYrbNv6kQkeJIpt6NJZy8twLB/2vtz6yN9Z4vRKHN4/QZJIEbqohALSgwKdnksuY3k5Addp5lg8sVoVcQ==
    dependencies:
      safe-buffer "^5.0.1"
  
  error-ex@^1.3.1:
    version "1.3.2"
    resolved "https://registry.yarnpkg.com/error-ex/-/error-ex-1.3.2.tgz#b4ac40648107fdcdcfae242f428bea8a14d4f1bf"
    integrity sha512-7dFHNmqeFSEt2ZBsCriorKnn3Z2pj+fd9kmI6QoWw4//DL+icEBfc0U7qJCisqrTsKTjw4fNFy2pW9OqStD84g==
    dependencies:
      is-arrayish "^0.2.1"
  
  escape-string-regexp@^1.0.5:
    version "1.0.5"
    resolved "https://registry.yarnpkg.com/escape-string-regexp/-/escape-string-regexp-1.0.5.tgz#1b61c0562190a8dff6ae3bb2cf0200ca130b86d4"
    integrity sha1-G2HAViGQqN/2rjuyzwIAyhMLhtQ=
  
  eventemitter3@^3.1.0:
    version "3.1.2"
    resolved "http://10.0.0.202:9008/eventemitter3/-/eventemitter3-3.1.2.tgz#2d3d48f9c346698fce83a85d7d664e98535df6e7"
    integrity sha1-LT1I+cNGaY/Og6hdfWZOmFNd9uc=
  
  fast-json-stable-stringify@^2.0.0:
    version "2.1.0"
    resolved "http://10.0.0.202:9008/fast-json-stable-stringify/-/fast-json-stable-stringify-2.1.0.tgz#874bf69c6f404c2b5d99c481341399fd55892633"
    integrity sha1-h0v2nG9ATCtdmcSBNBOZ/VWJJjM=
  
  find-up@^2.0.0:
    version "2.1.0"
    resolved "https://registry.yarnpkg.com/find-up/-/find-up-2.1.0.tgz#45d1b7e506c717ddd482775a2b77920a3c0c57a7"
    integrity sha1-RdG35QbHF93UgndaK3eSCjwMV6c=
    dependencies:
      locate-path "^2.0.0"
  
  get-stdin@^6.0.0:
    version "6.0.0"
    resolved "https://registry.yarnpkg.com/get-stdin/-/get-stdin-6.0.0.tgz#9e09bf712b360ab9225e812048f71fde9c89657b"
    integrity sha512-jp4tHawyV7+fkkSKyvjuLZswblUtz+SQKzSWnBbii16BuZksJlU1wuBYXY75r+duh/llF1ur6oNwi+2ZzjKZ7g==
  
  graceful-fs@^4.1.2:
    version "4.2.3"
    resolved "https://registry.yarnpkg.com/graceful-fs/-/graceful-fs-4.2.3.tgz#4a12ff1b60376ef09862c2093edd908328be8423"
    integrity sha512-a30VEBm4PEdx1dRB7MFK7BejejvCvBronbLjht+sHuGYj8PHs7M/5Z+rt5lw551vZ7yfTCj4Vuyy3mSJytDWRQ==
  
  graphile-build-pg@4.5.3, graphile-build-pg@^4.5.3:
    version "4.5.3"
    resolved "https://registry.yarnpkg.com/graphile-build-pg/-/graphile-build-pg-4.5.3.tgz#13a584fb737b3a638d73cea1cfa4cca88dcf22a4"
    integrity sha512-Sp3DC/PC9c8+dQkQ6FM5F2TwByWQIMX3TKpxm63SePFJfPdq2Lbl4mOjBxJykYf4Fh094MVAIz4Alz5a1yRBKw==
    dependencies:
      "@graphile/lru" "4.5.0"
      chalk "^2.4.2"
      debug "^4.1.1"
      graphile-build "4.5.0"
      graphql-iso-date "^3.6.0"
      jsonwebtoken "^8.5.1"
      lodash ">=4 <5"
      lru-cache ">=4 <5"
      pg-sql2 "4.5.0"
      postgres-interval "^1.2.0"
  
  graphile-build@4.5.0:
    version "4.5.0"
    resolved "https://registry.yarnpkg.com/graphile-build/-/graphile-build-4.5.0.tgz#f7c627c146e051f454c4f19116231e9d8b653e04"
    integrity sha512-U/1K4nHWp3MGJ7kwTwIYBZnO3ZDlufmHHpdd1t4uFA46OtxdP7RG7KnXyol/XB8hfTfqSVGabaZP8lr+NVyQPA==
    dependencies:
      "@graphile/lru" "4.5.0"
      chalk "^2.4.2"
      debug "^4.1.1"
      graphql-parse-resolve-info "4.5.0"
      iterall "^1.2.2"
      lodash ">=4 <5"
      lru-cache "^5.0.0"
      pluralize "^7.0.0"
      semver "^6.0.0"
  
  graphile-utils@^4.5.6:
    version "4.5.6"
    resolved "https://registry.yarnpkg.com/graphile-utils/-/graphile-utils-4.5.6.tgz#f95f6dcbfc63263a59ad4f2d733311cba7fee725"
    integrity sha512-Tt4SBVxfS3wbewUhQiN1oXg4KjPVi2a9GOjD8AXWlQfKin25TH2dDRyJRALM/blVuSyBlzn9OqPnvsbM3NqXpQ==
    dependencies:
      debug "^4.1.1"
      graphql ">=0.9 <0.14 || ^14.0.2"
  
  graphql-iso-date@^3.6.0:
    version "3.6.1"
    resolved "https://registry.yarnpkg.com/graphql-iso-date/-/graphql-iso-date-3.6.1.tgz#bd2d0dc886e0f954cbbbc496bbf1d480b57ffa96"
    integrity sha512-AwFGIuYMJQXOEAgRlJlFL4H1ncFM8n8XmoVDTNypNOZyQ8LFDG2ppMFlsS862BSTCDcSUfHp8PD3/uJhv7t59Q==
  
  graphql-parse-resolve-info@4.5.0:
    version "4.5.0"
    resolved "https://registry.yarnpkg.com/graphql-parse-resolve-info/-/graphql-parse-resolve-info-4.5.0.tgz#cb9bf800c9ce81eebecd86ec62182a7b645d1fad"
    integrity sha512-51eKipZcj9AQWKLtstAmqys3GmOHUoUwFN/ALe1s4k2his0sP4ASri/ZdqcweLRnno4cDPqp2dcWnJ/Pe2a2rQ==
    dependencies:
      debug "^4.1.1"
  
  graphql-tools@^4.0.6:
    version "4.0.6"
    resolved "http://10.0.0.202:9008/graphql-tools/-/graphql-tools-4.0.6.tgz#0e729e73db05ade3df10a2f92511be544972a844"
    integrity sha1-DnKec9sFrePfEKL5JRG+VElyqEQ=
    dependencies:
      apollo-link "^1.2.3"
      apollo-utilities "^1.0.1"
      deprecated-decorator "^0.1.6"
      iterall "^1.1.3"
      uuid "^3.1.0"
  
  "graphql@>=0.9 <0.14 || ^14.0.2", graphql@^14.1.1, graphql@^14.5.8:
    version "14.5.8"
    resolved "https://registry.yarnpkg.com/graphql/-/graphql-14.5.8.tgz#504f3d3114cb9a0a3f359bbbcf38d9e5bf6a6b3c"
    integrity sha512-MMwmi0zlVLQKLdGiMfWkgQD7dY/TUKt4L+zgJ/aR0Howebod3aNgP5JkgvAULiR2HPVZaP2VEElqtdidHweLkg==
    dependencies:
      iterall "^1.2.2"
  
  graphqlviz@^3.1.0:
    version "3.1.0"
    resolved "https://registry.yarnpkg.com/graphqlviz/-/graphqlviz-3.1.0.tgz#2cdf93c922242a5d4977191f4301af631ce217c6"
    integrity sha512-ro+/bh+s7poP+VaFVs+2o2fJmp238eqoyLBbBW8156uXMTW0qtpY4x8WiGnW0EtRoy1jy0NJ2/ICdvE0ojNjmA==
    dependencies:
      cross-fetch "^3.0.1"
      get-stdin "^6.0.0"
      graphql "^14.1.1"
      lodash "^4.17.11"
      meow "^5.0.0"
  
  has-flag@^3.0.0:
    version "3.0.0"
    resolved "https://registry.yarnpkg.com/has-flag/-/has-flag-3.0.0.tgz#b5d454dc2199ae225699f3467e5a07f3b955bafd"
    integrity sha1-tdRU3CGZriJWmfNGfloH87lVuv0=
  
  hosted-git-info@^2.1.4:
    version "2.8.5"
    resolved "https://registry.yarnpkg.com/hosted-git-info/-/hosted-git-info-2.8.5.tgz#759cfcf2c4d156ade59b0b2dfabddc42a6b9c70c"
    integrity sha512-kssjab8CvdXfcXMXVcvsXum4Hwdq9XGtRD3TteMEvEbq0LXyiNQr6AprqKqfeaDXze7SxWvRxdpwE6ku7ikLkg==
  
  indent-string@^3.0.0:
    version "3.2.0"
    resolved "https://registry.yarnpkg.com/indent-string/-/indent-string-3.2.0.tgz#4a5fd6d27cc332f37e5419a504dbb837105c9289"
    integrity sha1-Sl/W0nzDMvN+VBmlBNu4NxBckok=
  
  is-arrayish@^0.2.1:
    version "0.2.1"
    resolved "https://registry.yarnpkg.com/is-arrayish/-/is-arrayish-0.2.1.tgz#77c99840527aa8ecb1a8ba697b80645a7a926a9d"
    integrity sha1-d8mYQFJ6qOyxqLppe4BkWnqSap0=
  
  is-plain-obj@^1.1.0:
    version "1.1.0"
    resolved "https://registry.yarnpkg.com/is-plain-obj/-/is-plain-obj-1.1.0.tgz#71a50c8429dfca773c92a390a4a03b39fcd51d3e"
    integrity sha1-caUMhCnfync8kqOQpKA7OfzVHT4=
  
  iterall@^1.1.3, iterall@^1.2.1, iterall@^1.2.2:
    version "1.2.2"
    resolved "https://registry.yarnpkg.com/iterall/-/iterall-1.2.2.tgz#92d70deb8028e0c39ff3164fdbf4d8b088130cd7"
    integrity sha512-yynBb1g+RFUPY64fTrFv7nsjRrENBQJaX2UL+2Szc9REFrSNm1rpSXHGzhmAy7a9uv3vlvgBlXnf9RqmPH1/DA==
  
  json-parse-better-errors@^1.0.1:
    version "1.0.2"
    resolved "https://registry.yarnpkg.com/json-parse-better-errors/-/json-parse-better-errors-1.0.2.tgz#bb867cfb3450e69107c131d1c514bab3dc8bcaa9"
    integrity sha512-mrqyZKfX5EhL7hvqcV6WG1yYjnjeuYDzDhhcAAUrq8Po85NBQBJP+ZDUT75qZQ98IkUoBqdkExkukOU7Ts2wrw==
  
  jsonwebtoken@^8.5.1:
    version "8.5.1"
    resolved "https://registry.yarnpkg.com/jsonwebtoken/-/jsonwebtoken-8.5.1.tgz#00e71e0b8df54c2121a1f26137df2280673bcc0d"
    integrity sha512-XjwVfRS6jTMsqYs0EsuJ4LGxXV14zQybNd4L2r0UvbVnSF9Af8x7p5MzbJ90Ioz/9TI41/hTCvznF/loiSzn8w==
    dependencies:
      jws "^3.2.2"
      lodash.includes "^4.3.0"
      lodash.isboolean "^3.0.3"
      lodash.isinteger "^4.0.4"
      lodash.isnumber "^3.0.3"
      lodash.isplainobject "^4.0.6"
      lodash.isstring "^4.0.1"
      lodash.once "^4.0.0"
      ms "^2.1.1"
      semver "^5.6.0"
  
  jwa@^1.4.1:
    version "1.4.1"
    resolved "https://registry.yarnpkg.com/jwa/-/jwa-1.4.1.tgz#743c32985cb9e98655530d53641b66c8645b039a"
    integrity sha512-qiLX/xhEEFKUAJ6FiBMbes3w9ATzyk5W7Hvzpa/SLYdxNtng+gcurvrI7TbACjIXlsJyr05/S1oUhZrc63evQA==
    dependencies:
      buffer-equal-constant-time "1.0.1"
      ecdsa-sig-formatter "1.0.11"
      safe-buffer "^5.0.1"
  
  jws@^3.2.2:
    version "3.2.2"
    resolved "https://registry.yarnpkg.com/jws/-/jws-3.2.2.tgz#001099f3639468c9414000e99995fa52fb478304"
    integrity sha512-YHlZCB6lMTllWDtSPHz/ZXTsi8S00usEV6v1tjq8tOUZzw7DpSDWVXjXDre6ed1w/pd495ODpHZYSdkRTsa0HA==
    dependencies:
      jwa "^1.4.1"
      safe-buffer "^5.0.1"
  
  load-json-file@^4.0.0:
    version "4.0.0"
    resolved "https://registry.yarnpkg.com/load-json-file/-/load-json-file-4.0.0.tgz#2f5f45ab91e33216234fd53adab668eb4ec0993b"
    integrity sha1-L19Fq5HjMhYjT9U62rZo607AmTs=
    dependencies:
      graceful-fs "^4.1.2"
      parse-json "^4.0.0"
      pify "^3.0.0"
      strip-bom "^3.0.0"
  
  locate-path@^2.0.0:
    version "2.0.0"
    resolved "https://registry.yarnpkg.com/locate-path/-/locate-path-2.0.0.tgz#2b568b265eec944c6d9c0de9c3dbbbca0354cd8e"
    integrity sha1-K1aLJl7slExtnA3pw9u7ygNUzY4=
    dependencies:
      p-locate "^2.0.0"
      path-exists "^3.0.0"
  
  lodash.includes@^4.3.0:
    version "4.3.0"
    resolved "https://registry.yarnpkg.com/lodash.includes/-/lodash.includes-4.3.0.tgz#60bb98a87cb923c68ca1e51325483314849f553f"
    integrity sha1-YLuYqHy5I8aMoeUTJUgzFISfVT8=
  
  lodash.isboolean@^3.0.3:
    version "3.0.3"
    resolved "https://registry.yarnpkg.com/lodash.isboolean/-/lodash.isboolean-3.0.3.tgz#6c2e171db2a257cd96802fd43b01b20d5f5870f6"
    integrity sha1-bC4XHbKiV82WgC/UOwGyDV9YcPY=
  
  lodash.isinteger@^4.0.4:
    version "4.0.4"
    resolved "https://registry.yarnpkg.com/lodash.isinteger/-/lodash.isinteger-4.0.4.tgz#619c0af3d03f8b04c31f5882840b77b11cd68343"
    integrity sha1-YZwK89A/iwTDH1iChAt3sRzWg0M=
  
  lodash.isnumber@^3.0.3:
    version "3.0.3"
    resolved "https://registry.yarnpkg.com/lodash.isnumber/-/lodash.isnumber-3.0.3.tgz#3ce76810c5928d03352301ac287317f11c0b1ffc"
    integrity sha1-POdoEMWSjQM1IwGsKHMX8RwLH/w=
  
  lodash.isplainobject@^4.0.6:
    version "4.0.6"
    resolved "https://registry.yarnpkg.com/lodash.isplainobject/-/lodash.isplainobject-4.0.6.tgz#7c526a52d89b45c45cc690b88163be0497f550cb"
    integrity sha1-fFJqUtibRcRcxpC4gWO+BJf1UMs=
  
  lodash.isstring@^4.0.1:
    version "4.0.1"
    resolved "https://registry.yarnpkg.com/lodash.isstring/-/lodash.isstring-4.0.1.tgz#d527dfb5456eca7cc9bb95d5daeaf88ba54a5451"
    integrity sha1-1SfftUVuynzJu5XV2ur4i6VKVFE=
  
  lodash.once@^4.0.0:
    version "4.1.1"
    resolved "https://registry.yarnpkg.com/lodash.once/-/lodash.once-4.1.1.tgz#0dd3971213c7c56df880977d504c88fb471a97ac"
    integrity sha1-DdOXEhPHxW34gJd9UEyI+0cal6w=
  
  "lodash@>=4 <5", lodash@^4.17.11:
    version "4.17.15"
    resolved "https://registry.yarnpkg.com/lodash/-/lodash-4.17.15.tgz#b447f6670a0455bbfeedd11392eff330ea097548"
    integrity sha512-8xOcRHvCjnocdS5cpwXQXVzmmh5e5+saE2QGoeQmbKmRS6J3VQppPOIt0MnmE+4xlZoumy0GPG0D0MVIQbNA1A==
  
  loud-rejection@^1.0.0:
    version "1.6.0"
    resolved "https://registry.yarnpkg.com/loud-rejection/-/loud-rejection-1.6.0.tgz#5b46f80147edee578870f086d04821cf998e551f"
    integrity sha1-W0b4AUft7leIcPCG0Eghz5mOVR8=
    dependencies:
      currently-unhandled "^0.4.1"
      signal-exit "^3.0.0"
  
  "lru-cache@>=4 <5":
    version "4.1.5"
    resolved "https://registry.yarnpkg.com/lru-cache/-/lru-cache-4.1.5.tgz#8bbe50ea85bed59bc9e33dcab8235ee9bcf443cd"
    integrity sha512-sWZlbEP2OsHNkXrMl5GYk/jKk70MBng6UU4YI/qGDYbgf6YbP4EvmqISbXCoJiRKs+1bSpFHVgQxvJ17F2li5g==
    dependencies:
      pseudomap "^1.0.2"
      yallist "^2.1.2"
  
  lru-cache@^5.0.0:
    version "5.1.1"
    resolved "https://registry.yarnpkg.com/lru-cache/-/lru-cache-5.1.1.tgz#1da27e6710271947695daf6848e847f01d84b920"
    integrity sha512-KpNARQA3Iwv+jTA0utUVVbrh+Jlrr1Fv0e56GGzAFOXN7dk/FviaDW8LHmK52DlcH4WP2n6gI8vN1aesBFgo9w==
    dependencies:
      yallist "^3.0.2"
  
  map-obj@^1.0.0:
    version "1.0.1"
    resolved "https://registry.yarnpkg.com/map-obj/-/map-obj-1.0.1.tgz#d933ceb9205d82bdcf4886f6742bdc2b4dea146d"
    integrity sha1-2TPOuSBdgr3PSIb2dCvcK03qFG0=
  
  map-obj@^2.0.0:
    version "2.0.0"
    resolved "https://registry.yarnpkg.com/map-obj/-/map-obj-2.0.0.tgz#a65cd29087a92598b8791257a523e021222ac1f9"
    integrity sha1-plzSkIepJZi4eRJXpSPgISIqwfk=
  
  meow@^5.0.0:
    version "5.0.0"
    resolved "https://registry.yarnpkg.com/meow/-/meow-5.0.0.tgz#dfc73d63a9afc714a5e371760eb5c88b91078aa4"
    integrity sha512-CbTqYU17ABaLefO8vCU153ZZlprKYWDljcndKKDCFcYQITzWCXZAVk4QMFZPgvzrnUQ3uItnIE/LoUOwrT15Ig==
    dependencies:
      camelcase-keys "^4.0.0"
      decamelize-keys "^1.0.0"
      loud-rejection "^1.0.0"
      minimist-options "^3.0.1"
      normalize-package-data "^2.3.4"
      read-pkg-up "^3.0.0"
      redent "^2.0.0"
      trim-newlines "^2.0.0"
      yargs-parser "^10.0.0"
  
  minimist-options@^3.0.1:
    version "3.0.2"
    resolved "https://registry.yarnpkg.com/minimist-options/-/minimist-options-3.0.2.tgz#fba4c8191339e13ecf4d61beb03f070103f3d954"
    integrity sha512-FyBrT/d0d4+uiZRbqznPXqw3IpZZG3gl3wKWiX784FycUKVwBt0uLBFkQrtE4tZOrgo78nZp2jnKz3L65T5LdQ==
    dependencies:
      arrify "^1.0.1"
      is-plain-obj "^1.1.0"
  
  ms@^2.1.1:
    version "2.1.2"
    resolved "https://registry.yarnpkg.com/ms/-/ms-2.1.2.tgz#d09d1f357b443f493382a8eb3ccd183872ae6009"
    integrity sha512-sGkPx+VjMtmA6MX27oA4FBFELFCZZ4S4XqeGOXCv68tT+jb3vk/RyaKWP0PTKyWtmLSM0b+adUTEvbs1PEaH2w==
  
  node-fetch@2.6.0:
    version "2.6.0"
    resolved "https://registry.yarnpkg.com/node-fetch/-/node-fetch-2.6.0.tgz#e633456386d4aa55863f676a7ab0daa8fdecb0fd"
    integrity sha512-8dG4H5ujfvFiqDmVu9fQ5bOHUC15JMjMY/Zumv26oOvvVJjM67KF8koCWIabKQ1GJIa9r2mMZscBq/TbdOcmNA==
  
  normalize-package-data@^2.3.2, normalize-package-data@^2.3.4:
    version "2.5.0"
    resolved "https://registry.yarnpkg.com/normalize-package-data/-/normalize-package-data-2.5.0.tgz#e66db1838b200c1dfc233225d12cb36520e234a8"
    integrity sha512-/5CMN3T0R4XTj4DcGaexo+roZSdSFW/0AOOTROrjxzCG1wrWXEsGbRKevjlIL+ZDE4sZlJr5ED4YW0yqmkK+eA==
    dependencies:
      hosted-git-info "^2.1.4"
      resolve "^1.10.0"
      semver "2 || 3 || 4 || 5"
      validate-npm-package-license "^3.0.1"
  
  p-limit@^1.1.0:
    version "1.3.0"
    resolved "https://registry.yarnpkg.com/p-limit/-/p-limit-1.3.0.tgz#b86bd5f0c25690911c7590fcbfc2010d54b3ccb8"
    integrity sha512-vvcXsLAJ9Dr5rQOPk7toZQZJApBl2K4J6dANSsEuh6QI41JYcsS/qhTGa9ErIUUgK3WNQoJYvylxvjqmiqEA9Q==
    dependencies:
      p-try "^1.0.0"
  
  p-locate@^2.0.0:
    version "2.0.0"
    resolved "https://registry.yarnpkg.com/p-locate/-/p-locate-2.0.0.tgz#20a0103b222a70c8fd39cc2e580680f3dde5ec43"
    integrity sha1-IKAQOyIqcMj9OcwuWAaA893l7EM=
    dependencies:
      p-limit "^1.1.0"
  
  p-try@^1.0.0:
    version "1.0.0"
    resolved "https://registry.yarnpkg.com/p-try/-/p-try-1.0.0.tgz#cbc79cdbaf8fd4228e13f621f2b1a237c1b207b3"
    integrity sha1-y8ec26+P1CKOE/Yh8rGiN8GyB7M=
  
  packet-reader@1.0.0:
    version "1.0.0"
    resolved "https://registry.yarnpkg.com/packet-reader/-/packet-reader-1.0.0.tgz#9238e5480dedabacfe1fe3f2771063f164157d74"
    integrity sha512-HAKu/fG3HpHFO0AA8WE8q2g+gBJaZ9MG7fcKk+IJPLTGAD6Psw4443l+9DGRbOIh3/aXr7Phy0TjilYivJo5XQ==
  
  parse-json@^4.0.0:
    version "4.0.0"
    resolved "https://registry.yarnpkg.com/parse-json/-/parse-json-4.0.0.tgz#be35f5425be1f7f6c747184f98a788cb99477ee0"
    integrity sha1-vjX1Qlvh9/bHRxhPmKeIy5lHfuA=
    dependencies:
      error-ex "^1.3.1"
      json-parse-better-errors "^1.0.1"
  
  path-exists@^3.0.0:
    version "3.0.0"
    resolved "https://registry.yarnpkg.com/path-exists/-/path-exists-3.0.0.tgz#ce0ebeaa5f78cb18925ea7d810d7b59b010fd515"
    integrity sha1-zg6+ql94yxiSXqfYENe1mwEP1RU=
  
  path-parse@^1.0.6:
    version "1.0.6"
    resolved "https://registry.yarnpkg.com/path-parse/-/path-parse-1.0.6.tgz#d62dbb5679405d72c4737ec58600e9ddcf06d24c"
    integrity sha512-GSmOT2EbHrINBf9SR7CDELwlJ8AENk3Qn7OikK4nFYAu3Ote2+JYNVvkpAEQm3/TLNEJFD/xZJjzyxg3KBWOzw==
  
  path-type@^3.0.0:
    version "3.0.0"
    resolved "https://registry.yarnpkg.com/path-type/-/path-type-3.0.0.tgz#cef31dc8e0a1a3bb0d105c0cd97cf3bf47f4e36f"
    integrity sha512-T2ZUsdZFHgA3u4e5PfPbjd7HDDpxPnQb5jN0SrDsjNSuVXHJqtwTnWqG0B1jZrgmJ/7lj1EmVIByWt1gxGkWvg==
    dependencies:
      pify "^3.0.0"
  
  pg-connection-string@0.1.3:
    version "0.1.3"
    resolved "https://registry.yarnpkg.com/pg-connection-string/-/pg-connection-string-0.1.3.tgz#da1847b20940e42ee1492beaf65d49d91b245df7"
    integrity sha1-2hhHsglA5C7hSSvq9l1J2RskXfc=
  
  pg-connection-string@^2.1.0:
    version "2.1.0"
    resolved "https://registry.yarnpkg.com/pg-connection-string/-/pg-connection-string-2.1.0.tgz#e07258f280476540b24818ebb5dca29e101ca502"
    integrity sha512-bhlV7Eq09JrRIvo1eKngpwuqKtJnNhZdpdOlvrPrA4dxqXPjxSrbNrfnIDmTpwMyRszrcV4kU5ZA4mMsQUrjdg==
  
  pg-int8@1.0.1:
    version "1.0.1"
    resolved "https://registry.yarnpkg.com/pg-int8/-/pg-int8-1.0.1.tgz#943bd463bf5b71b4170115f80f8efc9a0c0eb78c"
    integrity sha512-WCtabS6t3c8SkpDBUlb1kjOs7l66xsGdKpIPZsg4wR+B3+u9UAum2odSsF9tnvxg80h4ZxLWMy4pRjOsFIqQpw==
  
  pg-pool@^2.0.7:
    version "2.0.8"
    resolved "https://registry.yarnpkg.com/pg-pool/-/pg-pool-2.0.8.tgz#f6d8c1727707cebcb1c50d0b1b770e0a031bf831"
    integrity sha512-UE4H+4PT53RbwYaGxkeVDcMcp1g8EmYo91qeUugijsHwzV/RDpYVRWzmfiDisEQZhVDzyf/GUctNOrh+ZPJCGA==
  
  pg-sql2@4.5.0:
    version "4.5.0"
    resolved "https://registry.yarnpkg.com/pg-sql2/-/pg-sql2-4.5.0.tgz#d1f5f039c5717f8266e340508b1e29e760f5e2ce"
    integrity sha512-kmqhJgKbOWsVzKjhzsfglZagyrV5fXkrHeY33WdeSsxhegZI1Evpa/lQzG1uQj2ZfLPIePV7RyoaZH8eVHRd3A==
    dependencies:
      "@graphile/lru" "4.5.0"
      "@types/pg" ">=6 <8"
      debug ">=3 <5"
  
  pg-sql2@^4.6.0-alpha.0:
    version "4.6.0-alpha.0"
    resolved "https://registry.yarnpkg.com/pg-sql2/-/pg-sql2-4.6.0-alpha.0.tgz#2d85222dcabc19dbef3428d7ca823b7c1c97c8fb"
    integrity sha512-oZ3SqsKSEXHBaJTaQomFiIZ3FTqv1UHhWResOLTYiRWr9/n4mE+oHQx9Tx7bPn+k9LQmXV/HzlhN05jb1vSjMw==
    dependencies:
      "@graphile/lru" "4.6.0-alpha.0"
      "@types/pg" ">=6 <8"
      debug ">=3 <5"
  
  pg-types@^2.1.0:
    version "2.2.0"
    resolved "https://registry.yarnpkg.com/pg-types/-/pg-types-2.2.0.tgz#2d0250d636454f7cfa3b6ae0382fdfa8063254a3"
    integrity sha512-qTAAlrEsl8s4OiEQY69wDvcMIdQN6wdz5ojQiOy6YRMuynxenON0O5oCpJI6lshc6scgAY8qvJ2On/p+CXY0GA==
    dependencies:
      pg-int8 "1.0.1"
      postgres-array "~2.0.0"
      postgres-bytea "~1.0.0"
      postgres-date "~1.0.4"
      postgres-interval "^1.1.0"
  
  pg@^7.14.0:
    version "7.15.1"
    resolved "https://registry.yarnpkg.com/pg/-/pg-7.15.1.tgz#a0bac84ebaeb809f3a369fb695ae89b314b08b22"
    integrity sha512-o293Pxx5bNRpTv3Dh4+IIhPbTw19Bo4zvppLgR+MAV2I7AF3sMr9gPB4JPvBffWb24pDfC+7Ghe6xh2VxVMBpQ==
    dependencies:
      buffer-writer "2.0.0"
      packet-reader "1.0.0"
      pg-connection-string "0.1.3"
      pg-pool "^2.0.7"
      pg-types "^2.1.0"
      pgpass "1.x"
      semver "4.3.2"
  
  pgpass@1.x:
    version "1.0.2"
    resolved "https://registry.yarnpkg.com/pgpass/-/pgpass-1.0.2.tgz#2a7bb41b6065b67907e91da1b07c1847c877b306"
    integrity sha1-Knu0G2BltnkH6R2hsHwYR8h3swY=
    dependencies:
      split "^1.0.0"
  
  pify@^3.0.0:
    version "3.0.0"
    resolved "https://registry.yarnpkg.com/pify/-/pify-3.0.0.tgz#e5a4acd2c101fdf3d9a4d07f0dbc4db49dd28176"
    integrity sha1-5aSs0sEB/fPZpNB/DbxNtJ3SgXY=
  
  pluralize@^7.0.0:
    version "7.0.0"
    resolved "https://registry.yarnpkg.com/pluralize/-/pluralize-7.0.0.tgz#298b89df8b93b0221dbf421ad2b1b1ea23fc6777"
    integrity sha512-ARhBOdzS3e41FbkW/XWrTEtukqqLoK5+Z/4UeDaLuSW+39JPeFgs4gCGqsrJHVZX0fUrx//4OF0K1CUGwlIFow==
  
  postgraphile-core@^4.5.3:
    version "4.5.3"
    resolved "https://registry.yarnpkg.com/postgraphile-core/-/postgraphile-core-4.5.3.tgz#60e7dfb50b9e958fb0a64a5b6b73091c3992da1e"
    integrity sha512-DmE9JdQEMMJH0W+FVRGL/pO9zZzanuXE49+V+s2agLNjNlDFRFCNKnlUI2sA0PKTNJXilVAPQFpBifn1t74moA==
    dependencies:
      graphile-build "4.5.0"
      graphile-build-pg "4.5.3"
  
  postgraphile-plugin-connection-filter@^1.1.3:
    version "1.1.3"
    resolved "https://registry.yarnpkg.com/postgraphile-plugin-connection-filter/-/postgraphile-plugin-connection-filter-1.1.3.tgz#e33214948f16c0c8331e4f145adfc9860d593d72"
    integrity sha512-QWn2lDQ3d8M0iiQVZtozIcJmL3b2A3L6DnMD2e8EOOVqxxAy9Kt3b7k4a+bH46rz4Eh6NuDtHWb0PZnxx41kVg==
  
  postgres-array@~2.0.0:
    version "2.0.0"
    resolved "https://registry.yarnpkg.com/postgres-array/-/postgres-array-2.0.0.tgz#48f8fce054fbc69671999329b8834b772652d82e"
    integrity sha512-VpZrUqU5A69eQyW2c5CA1jtLecCsN2U/bD6VilrFDWq5+5UIEVO7nazS3TEcHf1zuPYO/sqGvUvW62g86RXZuA==
  
  postgres-bytea@~1.0.0:
    version "1.0.0"
    resolved "https://registry.yarnpkg.com/postgres-bytea/-/postgres-bytea-1.0.0.tgz#027b533c0aa890e26d172d47cf9ccecc521acd35"
    integrity sha1-AntTPAqokOJtFy1Hz5zOzFIazTU=
  
  postgres-date@~1.0.4:
    version "1.0.4"
    resolved "https://registry.yarnpkg.com/postgres-date/-/postgres-date-1.0.4.tgz#1c2728d62ef1bff49abdd35c1f86d4bdf118a728"
    integrity sha512-bESRvKVuTrjoBluEcpv2346+6kgB7UlnqWZsnbnCccTNq/pqfj1j6oBaN5+b/NrDXepYUT/HKadqv3iS9lJuVA==
  
  postgres-interval@^1.1.0, postgres-interval@^1.2.0:
    version "1.2.0"
    resolved "https://registry.yarnpkg.com/postgres-interval/-/postgres-interval-1.2.0.tgz#b460c82cb1587507788819a06aa0fffdb3544695"
    integrity sha512-9ZhXKM/rw350N1ovuWHbGxnGh/SNJ4cnxHiM0rxE4VN41wsg8P8zWn9hv/buK00RP4WvlOyr/RBDiptyxVbkZQ==
    dependencies:
      xtend "^4.0.0"
  
  pseudomap@^1.0.2:
    version "1.0.2"
    resolved "https://registry.yarnpkg.com/pseudomap/-/pseudomap-1.0.2.tgz#f052a28da70e618917ef0a8ac34c1ae5a68286b3"
    integrity sha1-8FKijacOYYkX7wqKw0wa5aaChrM=
  
  quick-lru@^1.0.0:
    version "1.1.0"
    resolved "https://registry.yarnpkg.com/quick-lru/-/quick-lru-1.1.0.tgz#4360b17c61136ad38078397ff11416e186dcfbb8"
    integrity sha1-Q2CxfGETatOAeDl/8RQW4Ybc+7g=
  
  read-pkg-up@^3.0.0:
    version "3.0.0"
    resolved "https://registry.yarnpkg.com/read-pkg-up/-/read-pkg-up-3.0.0.tgz#3ed496685dba0f8fe118d0691dc51f4a1ff96f07"
    integrity sha1-PtSWaF26D4/hGNBpHcUfSh/5bwc=
    dependencies:
      find-up "^2.0.0"
      read-pkg "^3.0.0"
  
  read-pkg@^3.0.0:
    version "3.0.0"
    resolved "https://registry.yarnpkg.com/read-pkg/-/read-pkg-3.0.0.tgz#9cbc686978fee65d16c00e2b19c237fcf6e38389"
    integrity sha1-nLxoaXj+5l0WwA4rGcI3/Pbjg4k=
    dependencies:
      load-json-file "^4.0.0"
      normalize-package-data "^2.3.2"
      path-type "^3.0.0"
  
  redent@^2.0.0:
    version "2.0.0"
    resolved "https://registry.yarnpkg.com/redent/-/redent-2.0.0.tgz#c1b2007b42d57eb1389079b3c8333639d5e1ccaa"
    integrity sha1-wbIAe0LVfrE4kHmzyDM2OdXhzKo=
    dependencies:
      indent-string "^3.0.0"
      strip-indent "^2.0.0"
  
  reflect-metadata@^0.1.13:
    version "0.1.13"
    resolved "https://registry.yarnpkg.com/reflect-metadata/-/reflect-metadata-0.1.13.tgz#67ae3ca57c972a2aa1642b10fe363fe32d49dc08"
    integrity sha512-Ts1Y/anZELhSsjMcU605fU9RE4Oi3p5ORujwbIKXfWa+0Zxs510Qrmrce5/Jowq3cHSZSJqBjypxmHarc+vEWg==
  
  resolve@^1.10.0:
    version "1.14.1"
    resolved "https://registry.yarnpkg.com/resolve/-/resolve-1.14.1.tgz#9e018c540fcf0c427d678b9931cbf45e984bcaff"
    integrity sha512-fn5Wobh4cxbLzuHaE+nphztHy43/b++4M6SsGFC2gB8uYwf0C8LcarfCz1un7UTW8OFQg9iNjZ4xpcFVGebDPg==
    dependencies:
      path-parse "^1.0.6"
  
  rxjs@^6.5.3:
    version "6.5.3"
    resolved "https://registry.yarnpkg.com/rxjs/-/rxjs-6.5.3.tgz#510e26317f4db91a7eb1de77d9dd9ba0a4899a3a"
    integrity sha512-wuYsAYYFdWTAnAaPoKGNhfpWwKZbJW+HgAJ+mImp+Epl7BG8oNWBCTyRM8gba9k4lk8BgWdoYm21Mo/RYhhbgA==
    dependencies:
      tslib "^1.9.0"
  
  safe-buffer@^5.0.1:
    version "5.2.0"
    resolved "https://registry.yarnpkg.com/safe-buffer/-/safe-buffer-5.2.0.tgz#b74daec49b1148f88c64b68d49b1e815c1f2f519"
    integrity sha512-fZEwUGbVl7kouZs1jCdMLdt95hdIv0ZeHg6L7qPeciMZhZ+/gdesW4wgTARkrFWEpspjEATAzUGPG8N2jJiwbg==
  
  "semver@2 || 3 || 4 || 5", semver@^5.6.0:
    version "5.7.1"
    resolved "https://registry.yarnpkg.com/semver/-/semver-5.7.1.tgz#a954f931aeba508d307bbf069eff0c01c96116f7"
    integrity sha512-sauaDf/PZdVgrLTNYHRtpXa1iRiKcaebiKQ1BJdpQlWH2lCvexQdX55snPFyK7QzpudqbCI0qXFfOasHdyNDGQ==
  
  semver@4.3.2:
    version "4.3.2"
    resolved "https://registry.yarnpkg.com/semver/-/semver-4.3.2.tgz#c7a07158a80bedd052355b770d82d6640f803be7"
    integrity sha1-x6BxWKgL7dBSNVt3DYLWZA+AO+c=
  
  semver@^6.0.0:
    version "6.3.0"
    resolved "https://registry.yarnpkg.com/semver/-/semver-6.3.0.tgz#ee0a64c8af5e8ceea67687b133761e1becbd1d3d"
    integrity sha512-b39TBaTSfV6yBrapU89p5fKekE2m/NwnDocOVruQFS1/veMgdzuPcnOM34M6CwxW8jH/lxEa5rBoDeUwu5HHTw==
  
  signal-exit@^3.0.0:
    version "3.0.2"
    resolved "https://registry.yarnpkg.com/signal-exit/-/signal-exit-3.0.2.tgz#b5fdc08f1287ea1178628e415e25132b73646c6d"
    integrity sha1-tf3AjxKH6hF4Yo5BXiUTK3NkbG0=
  
  spdx-correct@^3.0.0:
    version "3.1.0"
    resolved "https://registry.yarnpkg.com/spdx-correct/-/spdx-correct-3.1.0.tgz#fb83e504445268f154b074e218c87c003cd31df4"
    integrity sha512-lr2EZCctC2BNR7j7WzJ2FpDznxky1sjfxvvYEyzxNyb6lZXHODmEoJeFu4JupYlkfha1KZpJyoqiJ7pgA1qq8Q==
    dependencies:
      spdx-expression-parse "^3.0.0"
      spdx-license-ids "^3.0.0"
  
  spdx-exceptions@^2.1.0:
    version "2.2.0"
    resolved "https://registry.yarnpkg.com/spdx-exceptions/-/spdx-exceptions-2.2.0.tgz#2ea450aee74f2a89bfb94519c07fcd6f41322977"
    integrity sha512-2XQACfElKi9SlVb1CYadKDXvoajPgBVPn/gOQLrTvHdElaVhr7ZEbqJaRnJLVNeaI4cMEAgVCeBMKF6MWRDCRA==
  
  spdx-expression-parse@^3.0.0:
    version "3.0.0"
    resolved "https://registry.yarnpkg.com/spdx-expression-parse/-/spdx-expression-parse-3.0.0.tgz#99e119b7a5da00e05491c9fa338b7904823b41d0"
    integrity sha512-Yg6D3XpRD4kkOmTpdgbUiEJFKghJH03fiC1OPll5h/0sO6neh2jqRDVHOQ4o/LMea0tgCkbMgea5ip/e+MkWyg==
    dependencies:
      spdx-exceptions "^2.1.0"
      spdx-license-ids "^3.0.0"
  
  spdx-license-ids@^3.0.0:
    version "3.0.5"
    resolved "https://registry.yarnpkg.com/spdx-license-ids/-/spdx-license-ids-3.0.5.tgz#3694b5804567a458d3c8045842a6358632f62654"
    integrity sha512-J+FWzZoynJEXGphVIS+XEh3kFSjZX/1i9gFBaWQcB+/tmpe2qUsSBABpcxqxnAxFdiUFEgAX1bjYGQvIZmoz9Q==
  
  split@^1.0.0:
    version "1.0.1"
    resolved "https://registry.yarnpkg.com/split/-/split-1.0.1.tgz#605bd9be303aa59fb35f9229fbea0ddec9ea07d9"
    integrity sha512-mTyOoPbrivtXnwnIxZRFYRrPNtEFKlpB2fvjSnCQUiAA6qAZzqwna5envK4uk6OIeP17CsdF3rSBGYVBsU0Tkg==
    dependencies:
      through "2"
  
  strip-bom@^3.0.0:
    version "3.0.0"
    resolved "https://registry.yarnpkg.com/strip-bom/-/strip-bom-3.0.0.tgz#2334c18e9c759f7bdd56fdef7e9ae3d588e68ed3"
    integrity sha1-IzTBjpx1n3vdVv3vfprj1YjmjtM=
  
  strip-indent@^2.0.0:
    version "2.0.0"
    resolved "https://registry.yarnpkg.com/strip-indent/-/strip-indent-2.0.0.tgz#5ef8db295d01e6ed6cbf7aab96998d7822527b68"
    integrity sha1-XvjbKV0B5u1sv3qrlpmNeCJSe2g=
  
  subscriptions-transport-ws@^0.9.16:
    version "0.9.16"
    resolved "http://10.0.0.202:9008/subscriptions-transport-ws/-/subscriptions-transport-ws-0.9.16.tgz#90a422f0771d9c32069294c08608af2d47f596ec"
    integrity sha1-kKQi8HcdnDIGkpTAhgivLUf1luw=
    dependencies:
      backo2 "^1.0.2"
      eventemitter3 "^3.1.0"
      iterall "^1.2.1"
      symbol-observable "^1.0.4"
      ws "^5.2.0"
  
  supports-color@^5.3.0:
    version "5.5.0"
    resolved "https://registry.yarnpkg.com/supports-color/-/supports-color-5.5.0.tgz#e2e69a44ac8772f78a1ec0b35b689df6530efc8f"
    integrity sha512-QjVjwdXIt408MIiAqCX4oUKsgU2EqAGzs2Ppkm4aQYbjm+ZEWEcW4SfFNTr4uMNZma0ey4f5lgLrkB0aX0QMow==
    dependencies:
      has-flag "^3.0.0"
  
  symbol-observable@^1.0.4:
    version "1.2.0"
    resolved "http://10.0.0.202:9008/symbol-observable/-/symbol-observable-1.2.0.tgz#c22688aed4eab3cdc2dfeacbb561660560a00804"
    integrity sha1-wiaIrtTqs83C3+rLtWFmBWCgCAQ=
  
  through@2:
    version "2.3.8"
    resolved "https://registry.yarnpkg.com/through/-/through-2.3.8.tgz#0dd4c9ffaabc357960b1b724115d7e0e86a2e1f5"
    integrity sha1-DdTJ/6q8NXlgsbckEV1+Doai4fU=
  
  trim-newlines@^2.0.0:
    version "2.0.0"
    resolved "https://registry.yarnpkg.com/trim-newlines/-/trim-newlines-2.0.0.tgz#b403d0b91be50c331dfc4b82eeceb22c3de16d20"
    integrity sha1-tAPQuRvlDDMd/EuC7s6yLD3hbSA=
  
  ts-invariant@^0.4.0:
    version "0.4.4"
    resolved "http://10.0.0.202:9008/ts-invariant/-/ts-invariant-0.4.4.tgz#97a523518688f93aafad01b0e80eb803eb2abd86"
    integrity sha1-l6UjUYaI+TqvrQGw6A64A+sqvYY=
    dependencies:
      tslib "^1.9.3"
  
  tslib@^1.10.0, tslib@^1.9.0, tslib@^1.9.3:
    version "1.10.0"
    resolved "https://registry.yarnpkg.com/tslib/-/tslib-1.10.0.tgz#c3c19f95973fb0a62973fb09d90d961ee43e5c8a"
    integrity sha512-qOebF53frne81cf0S9B41ByenJ3/IuH8yJKngAX35CmiZySA0khhkovshKK+jGCaMnVomla7gVlIcc3EvKPbTQ==
  
  uuid@^3.1.0:
    version "3.3.3"
    resolved "http://10.0.0.202:9008/uuid/-/uuid-3.3.3.tgz#4568f0216e78760ee1dbf3a4d2cf53e224112866"
    integrity sha1-RWjwIW54dg7h2/Ok0s9T4iQRKGY=
  
  validate-npm-package-license@^3.0.1:
    version "3.0.4"
    resolved "https://registry.yarnpkg.com/validate-npm-package-license/-/validate-npm-package-license-3.0.4.tgz#fc91f6b9c7ba15c857f4cb2c5defeec39d4f410a"
    integrity sha512-DpKm2Ui/xN7/HQKCtpZxoRWBhZ9Z0kqtygG8XCgNQ8ZlDnxuQmWhj566j8fN4Cu3/JmbhsDo7fcAJq4s9h27Ew==
    dependencies:
      spdx-correct "^3.0.0"
      spdx-expression-parse "^3.0.0"
  
  whatwg-fetch@3.0.0:
    version "3.0.0"
    resolved "https://registry.yarnpkg.com/whatwg-fetch/-/whatwg-fetch-3.0.0.tgz#fc804e458cc460009b1a2b966bc8817d2578aefb"
    integrity sha512-9GSJUgz1D4MfyKU7KRqwOjXCXTqWdFNvEr7eUBYchQiVc744mqK/MzXPNR2WsPkmkOa4ywfg8C2n8h+13Bey1Q==
  
  ws@^5.2.0:
    version "5.2.2"
    resolved "http://10.0.0.202:9008/ws/-/ws-5.2.2.tgz#dffef14866b8e8dc9133582514d1befaf96e980f"
    integrity sha1-3/7xSGa46NyRM1glFNG++vlumA8=
    dependencies:
      async-limiter "~1.0.0"
  
  xtend@^4.0.0:
    version "4.0.2"
    resolved "https://registry.yarnpkg.com/xtend/-/xtend-4.0.2.tgz#bb72779f5fa465186b1f438f674fa347fdb5db54"
    integrity sha512-LKYU1iAXJXUgAXn9URjiu+MWhyUXHsvfp7mcuYm9dSUKK0/CjtrUwFAxD82/mCWbtLsGjFIad0wIsod4zrTAEQ==
  
  yallist@^2.1.2:
    version "2.1.2"
    resolved "https://registry.yarnpkg.com/yallist/-/yallist-2.1.2.tgz#1c11f9218f076089a47dd512f93c6699a6a81d52"
    integrity sha1-HBH5IY8HYImkfdUS+TxmmaaoHVI=
  
  yallist@^3.0.2:
    version "3.1.1"
    resolved "https://registry.yarnpkg.com/yallist/-/yallist-3.1.1.tgz#dbb7daf9bfd8bac9ab45ebf602b8cbad0d5d08fd"
    integrity sha512-a4UGQaWPH59mOXUYnAG2ewncQS4i4F43Tv3JoAM+s2VDAmS9NsK8GpDMLrCHPksFT7h3K6TOoUNn2pb7RoXx4g==
  
  yargs-parser@^10.0.0:
    version "10.1.0"
    resolved "https://registry.yarnpkg.com/yargs-parser/-/yargs-parser-10.1.0.tgz#7202265b89f7e9e9f2e5765e0fe735a905edbaa8"
    integrity sha512-VCIyR1wJoEBZUqk5PA+oOBF6ypbwh5aNB3I50guxAL/quggdfs4TtNHQrSazFA3fYZ+tEqfs0zIGlv0c/rgjbQ==
    dependencies:
      camelcase "^4.1.0"
  
  zen-observable-ts@^0.8.20:
    version "0.8.20"
    resolved "http://10.0.0.202:9008/zen-observable-ts/-/zen-observable-ts-0.8.20.tgz#44091e335d3fcbc97f6497e63e7f57d5b516b163"
    integrity sha1-RAkeM10/y8l/ZJfmPn9X1bUWsWM=
    dependencies:
      tslib "^1.9.3"
      zen-observable "^0.8.0"
  
  zen-observable@^0.8.0:
    version "0.8.15"
    resolved "http://10.0.0.202:9008/zen-observable/-/zen-observable-0.8.15.tgz#96415c512d8e3ffd920afd3889604e30b9eaac15"
    integrity sha1-lkFcUS2OP/2SCv04iWBOMLnqrBU=
